2026-06-24 00:12:41,330 INFO org.springframework.boot.StartupInfoLogger [main] Starting Main using Java 21.0.11 with PID 225794 (/home/marcos/workspace/hermesMotorDesktop/target/classes started by marcos in /home/marcos/workspace/hermesMotorDesktop)
2026-06-24 00:12:41,337 DEBUG org.springframework.boot.StartupInfoLogger [main] Running with Spring Boot v3.3.4, Spring v6.1.13
2026-06-24 00:12:41,338 INFO org.springframework.boot.SpringApplication [main] No active profile set, falling back to 1 default profile: "default"
2026-06-24 00:12:42,017 INFO org.springframework.data.repository.config.RepositoryConfigurationDelegate [main] Bootstrapping Spring Data JPA repositories in DEFAULT mode.
2026-06-24 00:12:42,126 INFO org.springframework.data.repository.config.RepositoryConfigurationDelegate [main] Finished Spring Data repository scanning in 97 ms. Found 13 JPA repository interfaces.
2026-06-24 00:12:42,663 INFO org.hibernate.jpa.internal.util.LogHelper [main] HHH000204: Processing PersistenceUnitInfo [name: default]
2026-06-24 00:12:42,727 INFO org.hibernate.Version [main] HHH000412: Hibernate ORM core version 6.5.3.Final
2026-06-24 00:12:42,777 INFO org.hibernate.cache.internal.RegionFactoryInitiator [main] HHH000026: Second-level cache disabled
2026-06-24 00:12:43,138 INFO org.springframework.orm.jpa.persistenceunit.SpringPersistenceUnitInfo [main] No LoadTimeWeaver setup: ignoring JPA class transformer
2026-06-24 00:12:43,165 INFO com.zaxxer.hikari.HikariDataSource [main] HikariPool-1 - Starting...
2026-06-24 00:12:43,413 INFO com.zaxxer.hikari.pool.HikariPool [main] HikariPool-1 - Added connection conn0: url=jdbc:h2:mem:hermesdb user=SA
2026-06-24 00:12:43,415 INFO com.zaxxer.hikari.HikariDataSource [main] HikariPool-1 - Start completed.
2026-06-24 00:12:43,444 WARN org.hibernate.engine.jdbc.dialect.internal.DialectFactoryImpl [main] HHH90000025: H2Dialect does not need to be specified explicitly using 'hibernate.dialect' (remove the property setting and it will be selected by default)
2026-06-24 00:12:44,761 INFO org.hibernate.engine.transaction.jta.platform.internal.JtaPlatformInitiator [main] HHH000489: No JTA platform available (set 'hibernate.transaction.jta.platform' to enable JTA platform integration)
2026-06-24 00:12:44,842 INFO org.springframework.orm.jpa.AbstractEntityManagerFactoryBean [main] Initialized JPA EntityManagerFactory for persistence unit 'default'
2026-06-24 00:12:45,295 INFO org.springframework.data.jpa.repository.query.QueryEnhancerFactory [main] Hibernate is in classpath; If applicable, HQL parser will be used.
2026-06-24 00:12:47,252 INFO org.springframework.boot.StartupInfoLogger [main] Started Main in 6.624 seconds (process running for 7.664)
2026-06-24 00:12:56,074 INFO org.br.service.AgendamentoService [AWT-EventQueue-0] Buscando agendamentos entre 2026-06-24T00:00 e 2026-06-24T23:59:59.999999999
2026-06-24 00:12:57,305 INFO org.br.service.NotificacaoService [AWT-EventQueue-0] Buscando veículos com última revisão antes de 2025-12-24T00:12:57.305838454
2026-06-24 00:12:59,704 INFO org.br.service.AgendamentoService [AWT-EventQueue-0] Buscando agendamentos entre 2026-06-24T00:00 e 2026-06-24T23:59:59.999999999
2026-06-24 00:13:00,852 INFO org.br.controller.ClienteController [AWT-EventQueue-0] Controlador: Listando todos os clientes ativos.
2026-06-24 00:13:12,927 INFO org.springframework.orm.jpa.AbstractEntityManagerFactoryBean [SpringApplicationShutdownHook] Closing JPA EntityManagerFactory for persistence unit 'default'
2026-06-24 00:13:12,946 INFO com.zaxxer.hikari.HikariDataSource [SpringApplicationShutdownHook] HikariPool-1 - Shutdown initiated...
2026-06-24 00:13:12,949 INFO com.zaxxer.hikari.HikariDataSource [SpringApplicationShutdownHook] HikariPool-1 - Shutdown completed.
